{"total": {"lines":{"total":370,"covered":369,"skipped":0,"pct":99.72},"statements":{"total":426,"covered":424,"skipped":0,"pct":99.53},"functions":{"total":116,"covered":116,"skipped":0,"pct":100},"branches":{"total":248,"covered":244,"skipped":0,"pct":98.38},"branchesTrue":{"total":0,"covered":0,"skipped":0,"pct":100}}
,"E:\\app e jogos criados\\Flow-Finance\\services\\integrations\\openBankingService.ts": {"lines":{"total":181,"covered":180,"skipped":0,"pct":99.44},"functions":{"total":44,"covered":44,"skipped":0,"pct":100},"statements":{"total":214,"covered":212,"skipped":0,"pct":99.06},"branches":{"total":151,"covered":147,"skipped":0,"pct":97.35}}
,"E:\\app e jogos criados\\Flow-Finance\\src\\agents\\cfo\\CFOAdvisor.ts": {"lines":{"total":15,"covered":15,"skipped":0,"pct":100},"functions":{"total":4,"covered":4,"skipped":0,"pct":100},"statements":{"total":16,"covered":16,"skipped":0,"pct":100},"branches":{"total":10,"covered":10,"skipped":0,"pct":100}}
,"E:\\app e jogos criados\\Flow-Finance\\src\\context\\UserContext.ts": {"lines":{"total":5,"covered":5,"skipped":0,"pct":100},"functions":{"total":2,"covered":2,"skipped":0,"pct":100},"statements":{"total":5,"covered":5,"skipped":0,"pct":100},"branches":{"total":6,"covered":6,"skipped":0,"pct":100}}
,"E:\\app e jogos criados\\Flow-Finance\\src\\context\\UserContext\\UserContext.ts": {"lines":{"total":1,"covered":1,"skipped":0,"pct":100},"functions":{"total":1,"covered":1,"skipped":0,"pct":100},"statements":{"total":1,"covered":1,"skipped":0,"pct":100},"branches":{"total":6,"covered":6,"skipped":0,"pct":100}}
,"E:\\app e jogos criados\\Flow-Finance\\src\\finance\\cashflowPredictor.ts": {"lines":{"total":53,"covered":53,"skipped":0,"pct":100},"functions":{"total":17,"covered":17,"skipped":0,"pct":100},"statements":{"total":67,"covered":67,"skipped":0,"pct":100},"branches":{"total":30,"covered":30,"skipped":0,"pct":100}}
,"E:\\app e jogos criados\\Flow-Finance\\src\\storage\\StorageProvider.ts": {"lines":{"total":88,"covered":88,"skipped":0,"pct":100},"functions":{"total":42,"covered":42,"skipped":0,"pct":100},"statements":{"total":94,"covered":94,"skipped":0,"pct":100},"branches":{"total":27,"covered":27,"skipped":0,"pct":100}}
,"E:\\app e jogos criados\\Flow-Finance\\src\\utils\\helpers.ts": {"lines":{"total":27,"covered":27,"skipped":0,"pct":100},"functions":{"total":6,"covered":6,"skipped":0,"pct":100},"statements":{"total":29,"covered":29,"skipped":0,"pct":100},"branches":{"total":18,"covered":18,"skipped":0,"pct":100}}
}
